\BOOKMARK [0][-]{chapter*.1}{Pr\351ambule}{}% 1
\BOOKMARK [0][-]{chapter*.2}{Authentification}{}% 2
\BOOKMARK [0][-]{chapter*.3}{Cahier des charges}{}% 3
\BOOKMARK [0][-]{chapter.1}{Probl\351matique et \311tat de l'Art}{}% 4
\BOOKMARK [1][-]{section.1.1}{Introduction}{chapter.1}% 5
\BOOKMARK [1][-]{section.1.2}{D\351marche et finalit\351}{chapter.1}% 6
\BOOKMARK [1][-]{section.1.3}{Travail \340 effectuer}{chapter.1}% 7
\BOOKMARK [1][-]{section.1.4}{Quelques projets existants}{chapter.1}% 8
\BOOKMARK [2][-]{subsection.1.4.1}{Probe Kit}{section.1.4}% 9
\BOOKMARK [2][-]{subsection.1.4.2}{CrowdProbe}{section.1.4}% 10
\BOOKMARK [2][-]{subsection.1.4.3}{Serrure d\351verouillable \340 l'aide de reconnaissance faciale}{section.1.4}% 11
\BOOKMARK [0][-]{chapter.2}{\311tude sur la l\351gislation}{}% 12
\BOOKMARK [1][-]{section.2.1}{Cas d\220utilisation}{chapter.2}% 13
\BOOKMARK [2][-]{subsection.2.1.1}{Shopping : Publicit\351 cibl\351e}{section.2.1}% 14
\BOOKMARK [2][-]{subsection.2.1.2}{Analyse de fr\351quentation d\220un espace publique et pr\351diction de d\351placement}{section.2.1}% 15
\BOOKMARK [2][-]{subsection.2.1.3}{Forensique}{section.2.1}% 16
\BOOKMARK [1][-]{section.2.2}{D\351finitions}{chapter.2}% 17
\BOOKMARK [1][-]{section.2.3}{Articles affectant le projet}{chapter.2}% 18
\BOOKMARK [2][-]{subsection.2.3.1}{Section 1, Art 3, alin\351a 2}{section.2.3}% 19
\BOOKMARK [2][-]{subsection.2.3.2}{Section 1, Art 5, alin\351a 1}{section.2.3}% 20
\BOOKMARK [2][-]{subsection.2.3.3}{Section 3, Art 12, alin\351a 2}{section.2.3}% 21
\BOOKMARK [1][-]{section.2.4}{Conclusion}{chapter.2}% 22
\BOOKMARK [0][-]{chapter.3}{\311thique et moralit\351 des syst\350mes de surveillance}{}% 23
\BOOKMARK [1][-]{section.3.1}{Positionnement personnel}{chapter.3}% 24
\BOOKMARK [1][-]{section.3.2}{La reconnaissance faciale, une technologie d\351shumanisante}{chapter.3}% 25
\BOOKMARK [1][-]{section.3.3}{L\220opposition entre s\351curit\351 et confidentialit\351}{chapter.3}% 26
\BOOKMARK [1][-]{section.3.4}{Le function creep}{chapter.3}% 27
\BOOKMARK [1][-]{section.3.5}{La fiabilit\351 et les erreurs}{chapter.3}% 28
\BOOKMARK [1][-]{section.3.6}{La vie priv\351e}{chapter.3}% 29
\BOOKMARK [1][-]{section.3.7}{Conclusion}{chapter.3}% 30
\BOOKMARK [0][-]{chapter.4}{\311tude de march\351}{}% 31
\BOOKMARK [1][-]{section.4.1}{Nano-ordinateurs}{chapter.4}% 32
\BOOKMARK [1][-]{section.4.2}{Cam\351ra pour la reconnaissance faciale}{chapter.4}% 33
\BOOKMARK [1][-]{section.4.3}{Antenne 802.11}{chapter.4}% 34
\BOOKMARK [0][-]{chapter.5}{Conception}{}% 35
\BOOKMARK [1][-]{section.5.1}{La base de donn\351e}{chapter.5}% 36
\BOOKMARK [2][-]{subsection.5.1.1}{Mod\350le entit\351-association}{section.5.1}% 37
\BOOKMARK [3][-]{subsubsection.5.1.1.1}{Premi\350re version}{subsection.5.1.1}% 38
\BOOKMARK [3][-]{subsubsection.5.1.1.2}{Deuxi\350me version \205 Mod\351lisation des probabilit\351s}{subsection.5.1.1}% 39
\BOOKMARK [3][-]{subsubsection.5.1.1.3}{Troisi\350me version \205 Identit\351 \340 partir d\220une photographie}{subsection.5.1.1}% 40
\BOOKMARK [1][-]{section.5.2}{API rest}{chapter.5}% 41
\BOOKMARK [1][-]{section.5.3}{L'API WiFace}{chapter.5}% 42
\BOOKMARK [1][-]{section.5.4}{Le client Raspberry}{chapter.5}% 43
\BOOKMARK [1][-]{section.5.5}{Algorithme PP2I}{chapter.5}% 44
\BOOKMARK [0][-]{chapter.6}{Reconnaissance faciale}{}% 45
\BOOKMARK [1][-]{subsection.6.0.1}{Une petite touche de th\351orie}{chapter.6}% 46
\BOOKMARK [1][-]{section.6.1}{Choix de la solution}{chapter.6}% 47
\BOOKMARK [2][-]{subsection.6.1.1}{Performences}{section.6.1}% 48
\BOOKMARK [2][-]{subsection.6.1.2}{Tarification}{section.6.1}% 49
\BOOKMARK [3][-]{subsubsection.6.1.2.1}{Kairos}{subsection.6.1.2}% 50
\BOOKMARK [3][-]{subsubsection.6.1.2.2}{Microsoft Azure Face}{subsection.6.1.2}% 51
\BOOKMARK [3][-]{subsubsection.6.1.2.3}{Amazon AWS rekognition}{subsection.6.1.2}% 52
\BOOKMARK [2][-]{subsection.6.1.3}{Facilit\351 d\220utilisation}{section.6.1}% 53
\BOOKMARK [2][-]{subsection.6.1.4}{Choix de la solution}{section.6.1}% 54
\BOOKMARK [1][-]{section.6.2}{Amazon Rekognition : pr\351sentation}{chapter.6}% 55
\BOOKMARK [2][-]{subsection.6.2.1}{Concepts et op\351rations}{section.6.2}% 56
\BOOKMARK [2][-]{subsection.6.2.2}{Pr\351requis}{section.6.2}% 57
\BOOKMARK [0][-]{chapter.7}{Les probes requests}{}% 58
\BOOKMARK [1][-]{section.7.1}{Quelques explications}{chapter.7}% 59
\BOOKMARK [1][-]{section.7.2}{Scapy et le sniffing}{chapter.7}% 60
\BOOKMARK [0][-]{chapter.8}{Impl\351mentation}{}% 61
\BOOKMARK [1][-]{section.8.1}{La base de donn\351es}{chapter.8}% 62
\BOOKMARK [1][-]{section.8.2}{L'API WiFace}{chapter.8}% 63
\BOOKMARK [2][-]{subsection.8.2.1}{Choix de la stack}{section.8.2}% 64
\BOOKMARK [1][-]{section.8.3}{Le client Raspberry}{chapter.8}% 65
\BOOKMARK [1][-]{section.8.4}{Algorithme PP2I}{chapter.8}% 66
\BOOKMARK [0][-]{chapter.9}{Tests du prototype}{}% 67
\BOOKMARK [0][-]{chapter.10}{Conclusion}{}% 68
\BOOKMARK [1][-]{section.10.1}{Difficult\351s rencontr\351es}{chapter.10}% 69
\BOOKMARK [1][-]{section.10.2}{Am\351liorations futures}{chapter.10}% 70
\BOOKMARK [1][-]{section.10.3}{Retour personnel}{chapter.10}% 71
\BOOKMARK [1][-]{section.10.4}{Remerciements}{chapter.10}% 72
\BOOKMARK [0][-]{section.10.4}{Bibliographie}{}% 73
